<?xml version="1.0" encoding="UTF-8"?>
<!-- Generated by org.testng.reporters.JUnitXMLReporter -->
<testsuite ignored="0" hostname="ASCINLAP60715" failures="0" tests="3" name="Default test" time="32.842" errors="0" timestamp="2024-11-12T15:50:38 IST">
  <testcase classname="com.example.test_odyssey.tests.OdysseyTestG" name="testCreateAccount" time="23.61"/>
  <testcase classname="com.example.test_odyssey.tests.OdysseyTestG" name="testLogout" time="5.177"/>
  <testcase classname="com.example.test_odyssey.tests.OdysseyTestG" name="testLogin" time="3.98"/>
</testsuite> <!-- Default test -->
