<?xml version="1.0" encoding="UTF-8"?>
<testng-results ignored="0" total="3" passed="3" failed="0" skipped="0">
  <reporter-output>
  </reporter-output>
  <suite started-at="2024-11-12T15:50:05 IST" name="Default suite" finished-at="2024-11-12T15:50:38 IST" duration-ms="32842">
    <groups>
    </groups>
    <test started-at="2024-11-12T15:50:05 IST" name="Default test" finished-at="2024-11-12T15:50:38 IST" duration-ms="32842">
      <class name="com.example.test_odyssey.tests.OdysseyTestG">
        <test-method is-config="true" signature="setup()[pri:0, instance:com.example.test_odyssey.tests.OdysseyTestG@7c9d8e2]" started-at="2024-11-12T15:49:56 IST" name="setup" finished-at="2024-11-12T15:50:05 IST" duration-ms="8301" status="PASS">
          <reporter-output>
          </reporter-output>
        </test-method> <!-- setup -->
        <test-method signature="testCreateAccount()[pri:0, instance:com.example.test_odyssey.tests.OdysseyTestG@7c9d8e2]" started-at="2024-11-12T15:50:05 IST" name="testCreateAccount" finished-at="2024-11-12T15:50:28 IST" duration-ms="23610" status="PASS">
          <reporter-output>
          </reporter-output>
        </test-method> <!-- testCreateAccount -->
        <test-method signature="testLogout()[pri:0, instance:com.example.test_odyssey.tests.OdysseyTestG@7c9d8e2]" started-at="2024-11-12T15:50:28 IST" name="testLogout" finished-at="2024-11-12T15:50:34 IST" depends-on-methods="com.example.test_odyssey.tests.OdysseyTestG.testCreateAccount" duration-ms="5177" status="PASS">
          <reporter-output>
          </reporter-output>
        </test-method> <!-- testLogout -->
        <test-method signature="testLogin()[pri:0, instance:com.example.test_odyssey.tests.OdysseyTestG@7c9d8e2]" started-at="2024-11-12T15:50:34 IST" name="testLogin" finished-at="2024-11-12T15:50:38 IST" depends-on-methods="com.example.test_odyssey.tests.OdysseyTestG.testLogout" duration-ms="3980" status="PASS">
          <reporter-output>
          </reporter-output>
        </test-method> <!-- testLogin -->
        <test-method is-config="true" signature="tearDown()[pri:0, instance:com.example.test_odyssey.tests.OdysseyTestG@7c9d8e2]" started-at="2024-11-12T15:50:38 IST" name="tearDown" finished-at="2024-11-12T15:50:39 IST" duration-ms="943" status="PASS">
          <reporter-output>
          </reporter-output>
        </test-method> <!-- tearDown -->
      </class> <!-- com.example.test_odyssey.tests.OdysseyTestG -->
    </test> <!-- Default test -->
  </suite> <!-- Default suite -->
</testng-results>
